<?xml version="1.0" encoding="UTF-8"?>
<!-- Generated by org.testng.reporters.JUnitReportReporter -->
<testsuite name="com.web.tests.webtestcases.rallyhood.RallyhoodtestcasesChrome" tests="44" time="2343.817" ignored="0" failures="0" timestamp="07 Dec 2017 07:44:57 GMT" skipped="0" hostname="IM-LP-717" errors="0">
  <testcase name="RallyhoodTC_20" time="10.096" classname="com.web.tests.webtestcases.rallyhood.RallyhoodtestcasesChrome"/>
  <testcase name="RallyhoodTC_34" time="100.975" classname="com.web.tests.webtestcases.rallyhood.RallyhoodtestcasesChrome"/>
  <testcase name="RallyhoodTC_33" time="50.695" classname="com.web.tests.webtestcases.rallyhood.RallyhoodtestcasesChrome"/>
  <testcase name="RallyhoodTC_23" time="80.820" classname="com.web.tests.webtestcases.rallyhood.RallyhoodtestcasesChrome"/>
  <testcase name="RallyhoodTC_42" time="179.735" classname="com.web.tests.webtestcases.rallyhood.RallyhoodtestcasesChrome"/>
  <testcase name="RallyhoodTC_27" time="69.097" classname="com.web.tests.webtestcases.rallyhood.RallyhoodtestcasesChrome"/>
  <testcase name="RallyhoodTC_03" time="15.732" classname="com.web.tests.webtestcases.rallyhood.RallyhoodtestcasesChrome"/>
  <testcase name="RallyhoodTC_26" time="44.614" classname="com.web.tests.webtestcases.rallyhood.RallyhoodtestcasesChrome"/>
  <testcase name="RallyhoodTC_01" time="34.666" classname="com.web.tests.webtestcases.rallyhood.RallyhoodtestcasesChrome"/>
  <testcase name="RallyhoodTC_15" time="13.064" classname="com.web.tests.webtestcases.rallyhood.RallyhoodtestcasesChrome"/>
  <testcase name="RallyhoodTC_02" time="16.612" classname="com.web.tests.webtestcases.rallyhood.RallyhoodtestcasesChrome"/>
  <testcase name="RallyhoodTC_12" time="9.535" classname="com.web.tests.webtestcases.rallyhood.RallyhoodtestcasesChrome"/>
  <testcase name="RallyhoodTC_36" time="104.059" classname="com.web.tests.webtestcases.rallyhood.RallyhoodtestcasesChrome"/>
  <testcase name="RallyhoodTC_30" time="89.546" classname="com.web.tests.webtestcases.rallyhood.RallyhoodtestcasesChrome"/>
  <testcase name="RallyhoodTC_45" time="45.394" classname="com.web.tests.webtestcases.rallyhood.RallyhoodtestcasesChrome"/>
  <testcase name="RallyhoodTC_31" time="26.757" classname="com.web.tests.webtestcases.rallyhood.RallyhoodtestcasesChrome"/>
  <testcase name="RallyhoodTC_43" time="186.729" classname="com.web.tests.webtestcases.rallyhood.RallyhoodtestcasesChrome"/>
  <testcase name="RallyhoodTC_17" time="12.587" classname="com.web.tests.webtestcases.rallyhood.RallyhoodtestcasesChrome"/>
  <testcase name="RallyhoodTC_07" time="18.100" classname="com.web.tests.webtestcases.rallyhood.RallyhoodtestcasesChrome"/>
  <testcase name="RallyhoodTC_19" time="9.593" classname="com.web.tests.webtestcases.rallyhood.RallyhoodtestcasesChrome"/>
  <testcase name="RallyhoodTC_21" time="9.433" classname="com.web.tests.webtestcases.rallyhood.RallyhoodtestcasesChrome"/>
  <testcase name="RallyhoodTC_32" time="61.195" classname="com.web.tests.webtestcases.rallyhood.RallyhoodtestcasesChrome"/>
  <testcase name="RallyhoodTC_14" time="10.051" classname="com.web.tests.webtestcases.rallyhood.RallyhoodtestcasesChrome"/>
  <testcase name="RallyhoodTC_37" time="113.207" classname="com.web.tests.webtestcases.rallyhood.RallyhoodtestcasesChrome"/>
  <testcase name="RallyhoodTC_39" time="18.223" classname="com.web.tests.webtestcases.rallyhood.RallyhoodtestcasesChrome"/>
  <testcase name="RallyhoodTC_09" time="24.870" classname="com.web.tests.webtestcases.rallyhood.RallyhoodtestcasesChrome"/>
  <testcase name="RallyhoodTC_35" time="52.651" classname="com.web.tests.webtestcases.rallyhood.RallyhoodtestcasesChrome"/>
  <testcase name="RallyhoodTC_18" time="9.982" classname="com.web.tests.webtestcases.rallyhood.RallyhoodtestcasesChrome"/>
  <testcase name="RallyhoodTC_24" time="8.384" classname="com.web.tests.webtestcases.rallyhood.RallyhoodtestcasesChrome"/>
  <testcase name="RallyhoodTC_11" time="14.158" classname="com.web.tests.webtestcases.rallyhood.RallyhoodtestcasesChrome"/>
  <testcase name="RallyhoodTC_16" time="36.406" classname="com.web.tests.webtestcases.rallyhood.RallyhoodtestcasesChrome"/>
  <testcase name="RallyhoodTC_44" time="22.663" classname="com.web.tests.webtestcases.rallyhood.RallyhoodtestcasesChrome"/>
  <testcase name="RallyhoodTC_28" time="76.689" classname="com.web.tests.webtestcases.rallyhood.RallyhoodtestcasesChrome"/>
  <testcase name="RallyhoodTC_22" time="63.296" classname="com.web.tests.webtestcases.rallyhood.RallyhoodtestcasesChrome"/>
  <testcase name="RallyhoodTC_06" time="9.019" classname="com.web.tests.webtestcases.rallyhood.RallyhoodtestcasesChrome"/>
  <testcase name="RallyhoodTC_05" time="51.550" classname="com.web.tests.webtestcases.rallyhood.RallyhoodtestcasesChrome"/>
  <testcase name="RallyhoodTC_08" time="31.381" classname="com.web.tests.webtestcases.rallyhood.RallyhoodtestcasesChrome"/>
  <testcase name="RallyhoodTC_29" time="63.482" classname="com.web.tests.webtestcases.rallyhood.RallyhoodtestcasesChrome"/>
  <testcase name="RallyhoodTC_10" time="26.416" classname="com.web.tests.webtestcases.rallyhood.RallyhoodtestcasesChrome"/>
  <testcase name="RallyhoodTC_38" time="52.147" classname="com.web.tests.webtestcases.rallyhood.RallyhoodtestcasesChrome"/>
  <testcase name="RallyhoodTC_41" time="197.413" classname="com.web.tests.webtestcases.rallyhood.RallyhoodtestcasesChrome"/>
  <testcase name="RallyhoodTC_13" time="48.601" classname="com.web.tests.webtestcases.rallyhood.RallyhoodtestcasesChrome"/>
  <testcase name="RallyhoodTC_25" time="9.162" classname="com.web.tests.webtestcases.rallyhood.RallyhoodtestcasesChrome"/>
  <testcase name="RallyhoodTC_40" time="215.032" classname="com.web.tests.webtestcases.rallyhood.RallyhoodtestcasesChrome"/>
</testsuite> <!-- com.web.tests.webtestcases.rallyhood.RallyhoodtestcasesChrome -->
