<?xml version="1.0" encoding="UTF-8"?>
<!-- Generated by org.testng.reporters.JUnitReportReporter -->
<testsuite name="com.web.tests.webtestcases.rallyhood.Rallyhoodtestcases" tests="44" time="2169.935" ignored="0" failures="0" timestamp="07 Dec 2017 07:44:57 GMT" skipped="0" hostname="IM-LP-717" errors="0">
  <testcase name="RallyhoodTC_35" time="39.725" classname="com.web.tests.webtestcases.rallyhood.Rallyhoodtestcases"/>
  <testcase name="RallyhoodTC_20" time="11.703" classname="com.web.tests.webtestcases.rallyhood.Rallyhoodtestcases"/>
  <testcase name="RallyhoodTC_38" time="25.318" classname="com.web.tests.webtestcases.rallyhood.Rallyhoodtestcases"/>
  <testcase name="RallyhoodTC_27" time="73.014" classname="com.web.tests.webtestcases.rallyhood.Rallyhoodtestcases"/>
  <testcase name="RallyhoodTC_39" time="54.438" classname="com.web.tests.webtestcases.rallyhood.Rallyhoodtestcases"/>
  <testcase name="RallyhoodTC_26" time="47.544" classname="com.web.tests.webtestcases.rallyhood.Rallyhoodtestcases"/>
  <testcase name="RallyhoodTC_32" time="41.762" classname="com.web.tests.webtestcases.rallyhood.Rallyhoodtestcases"/>
  <testcase name="RallyhoodTC_33" time="40.315" classname="com.web.tests.webtestcases.rallyhood.Rallyhoodtestcases"/>
  <testcase name="RallyhoodTC_14" time="7.835" classname="com.web.tests.webtestcases.rallyhood.Rallyhoodtestcases"/>
  <testcase name="RallyhoodTC_40" time="262.758" classname="com.web.tests.webtestcases.rallyhood.Rallyhoodtestcases"/>
  <testcase name="RallyhoodTC_22" time="42.590" classname="com.web.tests.webtestcases.rallyhood.Rallyhoodtestcases"/>
  <testcase name="RallyhoodTC_43" time="147.752" classname="com.web.tests.webtestcases.rallyhood.Rallyhoodtestcases"/>
  <testcase name="RallyhoodTC_29" time="59.895" classname="com.web.tests.webtestcases.rallyhood.Rallyhoodtestcases"/>
  <testcase name="RallyhoodTC_16" time="35.568" classname="com.web.tests.webtestcases.rallyhood.Rallyhoodtestcases"/>
  <testcase name="RallyhoodTC_37" time="157.370" classname="com.web.tests.webtestcases.rallyhood.Rallyhoodtestcases"/>
  <testcase name="RallyhoodTC_05" time="32.393" classname="com.web.tests.webtestcases.rallyhood.Rallyhoodtestcases"/>
  <testcase name="RallyhoodTC_42" time="150.355" classname="com.web.tests.webtestcases.rallyhood.Rallyhoodtestcases"/>
  <testcase name="RallyhoodTC_09" time="36.323" classname="com.web.tests.webtestcases.rallyhood.Rallyhoodtestcases"/>
  <testcase name="RallyhoodTC_02" time="15.331" classname="com.web.tests.webtestcases.rallyhood.Rallyhoodtestcases"/>
  <testcase name="RallyhoodTC_01" time="26.094" classname="com.web.tests.webtestcases.rallyhood.Rallyhoodtestcases"/>
  <testcase name="RallyhoodTC_23" time="57.407" classname="com.web.tests.webtestcases.rallyhood.Rallyhoodtestcases"/>
  <testcase name="RallyhoodTC_25" time="8.920" classname="com.web.tests.webtestcases.rallyhood.Rallyhoodtestcases"/>
  <testcase name="RallyhoodTC_28" time="77.370" classname="com.web.tests.webtestcases.rallyhood.Rallyhoodtestcases"/>
  <testcase name="RallyhoodTC_36" time="83.528" classname="com.web.tests.webtestcases.rallyhood.Rallyhoodtestcases"/>
  <testcase name="RallyhoodTC_17" time="13.690" classname="com.web.tests.webtestcases.rallyhood.Rallyhoodtestcases"/>
  <testcase name="RallyhoodTC_12" time="11.436" classname="com.web.tests.webtestcases.rallyhood.Rallyhoodtestcases"/>
  <testcase name="RallyhoodTC_21" time="11.285" classname="com.web.tests.webtestcases.rallyhood.Rallyhoodtestcases"/>
  <testcase name="RallyhoodTC_30" time="60.799" classname="com.web.tests.webtestcases.rallyhood.Rallyhoodtestcases"/>
  <testcase name="RallyhoodTC_08" time="34.936" classname="com.web.tests.webtestcases.rallyhood.Rallyhoodtestcases"/>
  <testcase name="RallyhoodTC_31" time="24.722" classname="com.web.tests.webtestcases.rallyhood.Rallyhoodtestcases"/>
  <testcase name="RallyhoodTC_07" time="17.628" classname="com.web.tests.webtestcases.rallyhood.Rallyhoodtestcases"/>
  <testcase name="RallyhoodTC_41" time="145.221" classname="com.web.tests.webtestcases.rallyhood.Rallyhoodtestcases"/>
  <testcase name="RallyhoodTC_03" time="14.254" classname="com.web.tests.webtestcases.rallyhood.Rallyhoodtestcases"/>
  <testcase name="RallyhoodTC_44" time="19.467" classname="com.web.tests.webtestcases.rallyhood.Rallyhoodtestcases"/>
  <testcase name="RallyhoodTC_06" time="10.088" classname="com.web.tests.webtestcases.rallyhood.Rallyhoodtestcases"/>
  <testcase name="RallyhoodTC_19" time="11.441" classname="com.web.tests.webtestcases.rallyhood.Rallyhoodtestcases"/>
  <testcase name="RallyhoodTC_10" time="26.120" classname="com.web.tests.webtestcases.rallyhood.Rallyhoodtestcases"/>
  <testcase name="RallyhoodTC_18" time="12.904" classname="com.web.tests.webtestcases.rallyhood.Rallyhoodtestcases"/>
  <testcase name="RallyhoodTC_34" time="85.283" classname="com.web.tests.webtestcases.rallyhood.Rallyhoodtestcases"/>
  <testcase name="RallyhoodTC_24" time="6.216" classname="com.web.tests.webtestcases.rallyhood.Rallyhoodtestcases"/>
  <testcase name="RallyhoodTC_13" time="53.595" classname="com.web.tests.webtestcases.rallyhood.Rallyhoodtestcases"/>
  <testcase name="RallyhoodTC_15" time="11.433" classname="com.web.tests.webtestcases.rallyhood.Rallyhoodtestcases"/>
  <testcase name="RallyhoodTC_11" time="17.632" classname="com.web.tests.webtestcases.rallyhood.Rallyhoodtestcases"/>
  <testcase name="RallyhoodTC_45" time="46.477" classname="com.web.tests.webtestcases.rallyhood.Rallyhoodtestcases"/>
</testsuite> <!-- com.web.tests.webtestcases.rallyhood.Rallyhoodtestcases -->
